[32mINFO[0m:     [13-01-2024 15:08:23] Set chroma_server_nofile to 65535
[32mINFO[0m:     [13-01-2024 15:10:48] Set chroma_server_nofile to 65535
[32mINFO[0m:     [13-01-2024 15:11:21] Set chroma_server_nofile to 65535
[32mINFO[0m:     [13-01-2024 15:11:21] Anonymized telemetry enabled. See                     https://docs.trychroma.com/telemetry for more information.
[36mDEBUG[0m:    [13-01-2024 15:11:21] Starting component System
[36mDEBUG[0m:    [13-01-2024 15:11:21] Starting component OpenTelemetryClient
[36mDEBUG[0m:    [13-01-2024 15:11:21] Starting component SimpleAssignmentPolicy
[36mDEBUG[0m:    [13-01-2024 15:11:21] Starting component SqliteDB
[36mDEBUG[0m:    [13-01-2024 15:11:21] Starting component Posthog
[36mDEBUG[0m:    [13-01-2024 15:11:21] Starting component LocalSegmentManager
[36mDEBUG[0m:    [13-01-2024 15:11:21] Starting component SegmentAPI
[32mINFO[0m:     [13-01-2024 15:11:21] Started server process [[36m52377[0m]
[32mINFO[0m:     [13-01-2024 15:11:21] Waiting for application startup.
[32mINFO[0m:     [13-01-2024 15:11:21] Application startup complete.
[32mINFO[0m:     [13-01-2024 15:11:21] Uvicorn running on [1mhttp://localhost:8000[0m (Press CTRL+C to quit)
[32mINFO[0m:     [13-01-2024 15:12:55] 127.0.0.1:63790 - "GET /api/v1/tenants/default_tenant HTTP/1.1" 200
[32mINFO[0m:     [13-01-2024 15:12:55] 127.0.0.1:63790 - "GET /api/v1/databases/default_database?tenant=default_tenant HTTP/1.1" 200
[32mINFO[0m:     [13-01-2024 15:16:38] 127.0.0.1:64036 - "GET /api/v1/tenants/default_tenant HTTP/1.1" 200
[32mINFO[0m:     [13-01-2024 15:16:38] 127.0.0.1:64036 - "GET /api/v1/databases/default_database?tenant=default_tenant HTTP/1.1" 200
[32mINFO[0m:     [13-01-2024 15:19:01] 127.0.0.1:64204 - "GET /api/v1/tenants/default_tenant HTTP/1.1" 200
[32mINFO[0m:     [13-01-2024 15:19:01] 127.0.0.1:64204 - "GET /api/v1/databases/default_database?tenant=default_tenant HTTP/1.1" 200
[32mINFO[0m:     [13-01-2024 15:41:26] 127.0.0.1:49199 - "GET /api/v1/tenants/default_tenant HTTP/1.1" 200
[32mINFO[0m:     [13-01-2024 15:41:26] 127.0.0.1:49199 - "GET /api/v1/databases/default_database?tenant=default_tenant HTTP/1.1" 200
[32mINFO[0m:     [13-01-2024 15:43:22] 127.0.0.1:49330 - "GET /api/v1/tenants/default_tenant HTTP/1.1" 200
[32mINFO[0m:     [13-01-2024 15:43:22] 127.0.0.1:49330 - "GET /api/v1/databases/default_database?tenant=default_tenant HTTP/1.1" 200
[32mINFO[0m:     [13-01-2024 15:43:32] 127.0.0.1:49341 - "POST /api/v1/collections?tenant=default_tenant&database=default_database HTTP/1.1" 200
[32mINFO[0m:     [13-01-2024 15:44:09] 127.0.0.1:49383 - "GET /api/v1/tenants/default_tenant HTTP/1.1" 200
[32mINFO[0m:     [13-01-2024 15:44:09] 127.0.0.1:49383 - "GET /api/v1/databases/default_database?tenant=default_tenant HTTP/1.1" 200
[32mINFO[0m:     [13-01-2024 15:44:25] 127.0.0.1:49402 - "GET /api/v1 HTTP/1.1" 200
[32mINFO[0m:     [13-01-2024 15:44:37] 127.0.0.1:49416 - "GET /api/v1/tenants/default_tenant HTTP/1.1" 200
[32mINFO[0m:     [13-01-2024 15:44:37] 127.0.0.1:49416 - "GET /api/v1/databases/default_database?tenant=default_tenant HTTP/1.1" 200
[32mINFO[0m:     [13-01-2024 15:46:04] 127.0.0.1:49519 - "GET /api/v1 HTTP/1.1" 200
[32mINFO[0m:     [13-01-2024 15:46:06] 127.0.0.1:49524 - "GET /api/v1/tenants/default_tenant HTTP/1.1" 200
[32mINFO[0m:     [13-01-2024 15:46:06] 127.0.0.1:49524 - "GET /api/v1/databases/default_database?tenant=default_tenant HTTP/1.1" 200
[32mINFO[0m:     [13-01-2024 15:46:06] 127.0.0.1:49525 - "GET /api/v1/tenants/default_tenant HTTP/1.1" 200
[32mINFO[0m:     [13-01-2024 15:46:06] 127.0.0.1:49525 - "GET /api/v1/databases/default_database?tenant=default_tenant HTTP/1.1" 200
[32mINFO[0m:     [13-01-2024 15:47:01] 127.0.0.1:49602 - "GET /api/v1/tenants/default_tenant HTTP/1.1" 200
[32mINFO[0m:     [13-01-2024 15:47:01] 127.0.0.1:49602 - "GET /api/v1/databases/default_database?tenant=default_tenant HTTP/1.1" 200
[32mINFO[0m:     [13-01-2024 15:47:01] 127.0.0.1:49603 - "GET /api/v1/tenants/default_tenant HTTP/1.1" 200
[32mINFO[0m:     [13-01-2024 15:47:01] 127.0.0.1:49603 - "GET /api/v1/databases/default_database?tenant=default_tenant HTTP/1.1" 200
[32mINFO[0m:     [13-01-2024 16:21:15] 127.0.0.1:51667 - "GET /api/v1/tenants/default_tenant HTTP/1.1" 200
[32mINFO[0m:     [13-01-2024 16:21:15] 127.0.0.1:51667 - "GET /api/v1/databases/default_database?tenant=default_tenant HTTP/1.1" 200
[32mINFO[0m:     [13-01-2024 16:21:15] 127.0.0.1:51669 - "GET /api/v1/tenants/default_tenant HTTP/1.1" 200
[32mINFO[0m:     [13-01-2024 16:21:15] 127.0.0.1:51669 - "GET /api/v1/databases/default_database?tenant=default_tenant HTTP/1.1" 200
[31mERROR[0m:    [13-01-2024 16:21:17] Collection my_collection already exists
Traceback (most recent call last):
  File "/opt/homebrew/lib/python3.11/site-packages/anyio/streams/memory.py", line 98, in receive
    return self.receive_nowait()
           ^^^^^^^^^^^^^^^^^^^^^
  File "/opt/homebrew/lib/python3.11/site-packages/anyio/streams/memory.py", line 93, in receive_nowait
    raise WouldBlock
anyio.WouldBlock

During handling of the above exception, another exception occurred:

Traceback (most recent call last):
  File "/opt/homebrew/lib/python3.11/site-packages/starlette/middleware/base.py", line 78, in call_next
    message = await recv_stream.receive()
              ^^^^^^^^^^^^^^^^^^^^^^^^^^^
  File "/opt/homebrew/lib/python3.11/site-packages/anyio/streams/memory.py", line 118, in receive
    raise EndOfStream
anyio.EndOfStream

During handling of the above exception, another exception occurred:

Traceback (most recent call last):
  File "/opt/homebrew/lib/python3.11/site-packages/chromadb/server/fastapi/__init__.py", line 83, in catch_exceptions_middleware
    return await call_next(request)
           ^^^^^^^^^^^^^^^^^^^^^^^^
  File "/opt/homebrew/lib/python3.11/site-packages/starlette/middleware/base.py", line 84, in call_next
    raise app_exc
  File "/opt/homebrew/lib/python3.11/site-packages/starlette/middleware/base.py", line 70, in coro
    await self.app(scope, receive_or_disconnect, send_no_error)
  File "/opt/homebrew/lib/python3.11/site-packages/starlette/middleware/base.py", line 108, in __call__
    response = await self.dispatch_func(request, call_next)
               ^^^^^^^^^^^^^^^^^^^^^^^^^^^^^^^^^^^^^^^^^^^^
  File "/opt/homebrew/lib/python3.11/site-packages/chromadb/server/fastapi/__init__.py", line 97, in check_http_version_middleware
    return await call_next(request)
           ^^^^^^^^^^^^^^^^^^^^^^^^
  File "/opt/homebrew/lib/python3.11/site-packages/starlette/middleware/base.py", line 84, in call_next
    raise app_exc
  File "/opt/homebrew/lib/python3.11/site-packages/starlette/middleware/base.py", line 70, in coro
    await self.app(scope, receive_or_disconnect, send_no_error)
  File "/opt/homebrew/lib/python3.11/site-packages/starlette/middleware/exceptions.py", line 79, in __call__
    raise exc
  File "/opt/homebrew/lib/python3.11/site-packages/starlette/middleware/exceptions.py", line 68, in __call__
    await self.app(scope, receive, sender)
  File "/opt/homebrew/lib/python3.11/site-packages/fastapi/middleware/asyncexitstack.py", line 20, in __call__
    raise e
  File "/opt/homebrew/lib/python3.11/site-packages/fastapi/middleware/asyncexitstack.py", line 17, in __call__
    await self.app(scope, receive, send)
  File "/opt/homebrew/lib/python3.11/site-packages/starlette/routing.py", line 718, in __call__
    await route.handle(scope, receive, send)
  File "/opt/homebrew/lib/python3.11/site-packages/starlette/routing.py", line 276, in handle
    await self.app(scope, receive, send)
  File "/opt/homebrew/lib/python3.11/site-packages/starlette/routing.py", line 66, in app
    response = await func(request)
               ^^^^^^^^^^^^^^^^^^^
  File "/opt/homebrew/lib/python3.11/site-packages/fastapi/routing.py", line 274, in app
    raw_response = await run_endpoint_function(
                   ^^^^^^^^^^^^^^^^^^^^^^^^^^^^
  File "/opt/homebrew/lib/python3.11/site-packages/fastapi/routing.py", line 193, in run_endpoint_function
    return await run_in_threadpool(dependant.call, **values)
           ^^^^^^^^^^^^^^^^^^^^^^^^^^^^^^^^^^^^^^^^^^^^^^^^^
  File "/opt/homebrew/lib/python3.11/site-packages/starlette/concurrency.py", line 41, in run_in_threadpool
    return await anyio.to_thread.run_sync(func, *args)
           ^^^^^^^^^^^^^^^^^^^^^^^^^^^^^^^^^^^^^^^^^^^
  File "/opt/homebrew/lib/python3.11/site-packages/anyio/to_thread.py", line 33, in run_sync
    return await get_asynclib().run_sync_in_worker_thread(
           ^^^^^^^^^^^^^^^^^^^^^^^^^^^^^^^^^^^^^^^^^^^^^^^
  File "/opt/homebrew/lib/python3.11/site-packages/anyio/_backends/_asyncio.py", line 877, in run_sync_in_worker_thread
    return await future
           ^^^^^^^^^^^^
  File "/opt/homebrew/lib/python3.11/site-packages/anyio/_backends/_asyncio.py", line 807, in run
    result = context.run(func, *args)
             ^^^^^^^^^^^^^^^^^^^^^^^^
  File "/opt/homebrew/lib/python3.11/site-packages/chromadb/telemetry/opentelemetry/__init__.py", line 127, in wrapper
    return f(*args, **kwargs)
           ^^^^^^^^^^^^^^^^^^
  File "/opt/homebrew/lib/python3.11/site-packages/chromadb/auth/fastapi.py", line 239, in wrapped
    return f(*args, **kwargs)
           ^^^^^^^^^^^^^^^^^^
  File "/opt/homebrew/lib/python3.11/site-packages/chromadb/server/fastapi/__init__.py", line 411, in create_collection
    return self._api.create_collection(
           ^^^^^^^^^^^^^^^^^^^^^^^^^^^^
  File "/opt/homebrew/lib/python3.11/site-packages/chromadb/telemetry/opentelemetry/__init__.py", line 127, in wrapper
    return f(*args, **kwargs)
           ^^^^^^^^^^^^^^^^^^
  File "/opt/homebrew/lib/python3.11/site-packages/chromadb/api/segment.py", line 166, in create_collection
    coll, created = self._sysdb.create_collection(
                    ^^^^^^^^^^^^^^^^^^^^^^^^^^^^^^
  File "/opt/homebrew/lib/python3.11/site-packages/chromadb/telemetry/opentelemetry/__init__.py", line 127, in wrapper
    return f(*args, **kwargs)
           ^^^^^^^^^^^^^^^^^^
  File "/opt/homebrew/lib/python3.11/site-packages/chromadb/db/mixins/sysdb.py", line 225, in create_collection
    raise UniqueConstraintError(f"Collection {name} already exists")
chromadb.db.base.UniqueConstraintError: Collection my_collection already exists
[32mINFO[0m:     [13-01-2024 16:21:17] 127.0.0.1:51678 - "POST /api/v1/collections?tenant=default_tenant&database=default_database HTTP/1.1" 500
[32mINFO[0m:     [13-01-2024 16:21:29] 127.0.0.1:51696 - "GET /api/v1/tenants/default_tenant HTTP/1.1" 200
[32mINFO[0m:     [13-01-2024 16:21:29] 127.0.0.1:51696 - "GET /api/v1/databases/default_database?tenant=default_tenant HTTP/1.1" 200
[32mINFO[0m:     [13-01-2024 16:21:29] 127.0.0.1:51697 - "GET /api/v1/tenants/default_tenant HTTP/1.1" 200
[32mINFO[0m:     [13-01-2024 16:21:29] 127.0.0.1:51697 - "GET /api/v1/databases/default_database?tenant=default_tenant HTTP/1.1" 200
[32mINFO[0m:     [13-01-2024 16:21:31] 127.0.0.1:51703 - "GET /api/v1/collections/my_collection?tenant=default_tenant&database=default_database HTTP/1.1" 200
[32mINFO[0m:     [13-01-2024 16:50:29] 127.0.0.1:53423 - "GET /api/v1/tenants/default_tenant HTTP/1.1" 200
[32mINFO[0m:     [13-01-2024 16:50:29] 127.0.0.1:53423 - "GET /api/v1/databases/default_database?tenant=default_tenant HTTP/1.1" 200
[32mINFO[0m:     [13-01-2024 16:50:29] 127.0.0.1:53424 - "GET /api/v1/tenants/default_tenant HTTP/1.1" 200
[32mINFO[0m:     [13-01-2024 16:50:29] 127.0.0.1:53424 - "GET /api/v1/databases/default_database?tenant=default_tenant HTTP/1.1" 200
[32mINFO[0m:     [13-01-2024 16:50:33] 127.0.0.1:53434 - "GET /api/v1/collections/my_collection?tenant=default_tenant&database=default_database HTTP/1.1" 200
[32mINFO[0m:     [13-01-2024 16:50:33] 127.0.0.1:53434 - "GET /api/v1/pre-flight-checks HTTP/1.1" 200
[36mDEBUG[0m:    [13-01-2024 16:50:33] Starting component PersistentLocalHnswSegment
[32mINFO[0m:     [13-01-2024 16:50:33] 127.0.0.1:53434 - "POST /api/v1/collections/87c22c91-0fac-4b40-a7d7-c84f9b88e7b1/add HTTP/1.1" 201
[32mINFO[0m:     [13-01-2024 16:50:33] 127.0.0.1:53434 - "POST /api/v1/collections/87c22c91-0fac-4b40-a7d7-c84f9b88e7b1/get HTTP/1.1" 200
[32mINFO[0m:     [16-01-2024 00:40:48] Shutting down
[32mINFO[0m:     [16-01-2024 00:40:48] Waiting for application shutdown.
[32mINFO[0m:     [16-01-2024 00:40:48] Application shutdown complete.
[32mINFO[0m:     [16-01-2024 00:40:48] Finished server process [[36m52377[0m]
[32mINFO[0m:     [16-01-2024 01:56:53] Set chroma_server_nofile to 65535
[32mINFO[0m:     [16-01-2024 01:56:53] Anonymized telemetry enabled. See                     https://docs.trychroma.com/telemetry for more information.
[36mDEBUG[0m:    [16-01-2024 01:56:53] Starting component System
[36mDEBUG[0m:    [16-01-2024 01:56:53] Starting component OpenTelemetryClient
[36mDEBUG[0m:    [16-01-2024 01:56:53] Starting component SimpleAssignmentPolicy
[36mDEBUG[0m:    [16-01-2024 01:56:53] Starting component SqliteDB
[36mDEBUG[0m:    [16-01-2024 01:56:53] Starting component Posthog
[36mDEBUG[0m:    [16-01-2024 01:56:53] Starting component LocalSegmentManager
[36mDEBUG[0m:    [16-01-2024 01:56:53] Starting component SegmentAPI
[32mINFO[0m:     [16-01-2024 01:56:53] Started server process [[36m67824[0m]
[32mINFO[0m:     [16-01-2024 01:56:53] Waiting for application startup.
[32mINFO[0m:     [16-01-2024 01:56:53] Application startup complete.
[32mINFO[0m:     [16-01-2024 01:56:53] Uvicorn running on [1mhttp://localhost:8000[0m (Press CTRL+C to quit)
[32mINFO[0m:     [16-01-2024 01:57:49] 127.0.0.1:58435 - "GET /api/v1/tenants/default_tenant HTTP/1.1" 200
[32mINFO[0m:     [16-01-2024 01:57:49] 127.0.0.1:58435 - "GET /api/v1/databases/default_database?tenant=default_tenant HTTP/1.1" 200
[32mINFO[0m:     [16-01-2024 02:00:22] 127.0.0.1:58597 - "GET /api/v1/tenants/default_tenant HTTP/1.1" 200
[32mINFO[0m:     [16-01-2024 02:00:22] 127.0.0.1:58597 - "GET /api/v1/databases/default_database?tenant=default_tenant HTTP/1.1" 200
[32mINFO[0m:     [16-01-2024 02:00:22] 127.0.0.1:58598 - "GET /api/v1/tenants/default_tenant HTTP/1.1" 200
[32mINFO[0m:     [16-01-2024 02:00:22] 127.0.0.1:58598 - "GET /api/v1/databases/default_database?tenant=default_tenant HTTP/1.1" 200
[32mINFO[0m:     [16-01-2024 02:00:22] 127.0.0.1:58599 - "GET /api/v1/tenants/default_tenant HTTP/1.1" 200
[32mINFO[0m:     [16-01-2024 02:00:22] 127.0.0.1:58599 - "GET /api/v1/databases/default_database?tenant=default_tenant HTTP/1.1" 200
[32mINFO[0m:     [16-01-2024 02:00:27] 127.0.0.1:58610 - "GET /api/v1/collections/my_collection?tenant=default_tenant&database=default_database HTTP/1.1" 200
[32mINFO[0m:     [16-01-2024 02:00:27] 127.0.0.1:58610 - "GET /api/v1/pre-flight-checks HTTP/1.1" 200
[36mDEBUG[0m:    [16-01-2024 02:00:27] Starting component PersistentLocalHnswSegment
[33mWARNING[0m:  [16-01-2024 02:00:27] Add of existing embedding ID: id1
[33mWARNING[0m:  [16-01-2024 02:00:27] Add of existing embedding ID: id2
[33mWARNING[0m:  [16-01-2024 02:00:27] Insert of existing embedding ID: id1
[33mWARNING[0m:  [16-01-2024 02:00:27] Insert of existing embedding ID: id2
[32mINFO[0m:     [16-01-2024 02:00:27] 127.0.0.1:58610 - "POST /api/v1/collections/87c22c91-0fac-4b40-a7d7-c84f9b88e7b1/add HTTP/1.1" 201
[32mINFO[0m:     [16-01-2024 02:00:27] 127.0.0.1:58610 - "POST /api/v1/collections/87c22c91-0fac-4b40-a7d7-c84f9b88e7b1/get HTTP/1.1" 200
[32mINFO[0m:     [16-01-2024 02:55:43] 127.0.0.1:61948 - "GET /api/v1/tenants/default_tenant HTTP/1.1" 200
[32mINFO[0m:     [16-01-2024 02:55:43] 127.0.0.1:61948 - "GET /api/v1/databases/default_database?tenant=default_tenant HTTP/1.1" 200
[32mINFO[0m:     [16-01-2024 02:55:43] 127.0.0.1:61949 - "GET /api/v1/tenants/default_tenant HTTP/1.1" 200
[32mINFO[0m:     [16-01-2024 02:55:43] 127.0.0.1:61949 - "GET /api/v1/databases/default_database?tenant=default_tenant HTTP/1.1" 200
[32mINFO[0m:     [16-01-2024 02:55:43] 127.0.0.1:61950 - "GET /api/v1/tenants/default_tenant HTTP/1.1" 200
[32mINFO[0m:     [16-01-2024 02:55:43] 127.0.0.1:61950 - "GET /api/v1/databases/default_database?tenant=default_tenant HTTP/1.1" 200
[32mINFO[0m:     [16-01-2024 02:55:50] 127.0.0.1:61960 - "GET /api/v1/collections/my_collection?tenant=default_tenant&database=default_database HTTP/1.1" 200
[32mINFO[0m:     [16-01-2024 02:55:50] 127.0.0.1:61960 - "GET /api/v1/pre-flight-checks HTTP/1.1" 200
[33mWARNING[0m:  [16-01-2024 02:55:50] Add of existing embedding ID: id1
[33mWARNING[0m:  [16-01-2024 02:55:50] Add of existing embedding ID: id2
[33mWARNING[0m:  [16-01-2024 02:55:50] Insert of existing embedding ID: id1
[33mWARNING[0m:  [16-01-2024 02:55:50] Insert of existing embedding ID: id2
[32mINFO[0m:     [16-01-2024 02:55:50] 127.0.0.1:61960 - "POST /api/v1/collections/87c22c91-0fac-4b40-a7d7-c84f9b88e7b1/add HTTP/1.1" 201
[32mINFO[0m:     [16-01-2024 02:55:50] 127.0.0.1:61960 - "POST /api/v1/collections/87c22c91-0fac-4b40-a7d7-c84f9b88e7b1/get HTTP/1.1" 200
[32mINFO[0m:     [16-01-2024 02:57:47] Shutting down
[32mINFO[0m:     [16-01-2024 02:57:47] Waiting for application shutdown.
[32mINFO[0m:     [16-01-2024 02:57:47] Application shutdown complete.
[32mINFO[0m:     [16-01-2024 02:57:47] Finished server process [[36m67824[0m]
[32mINFO[0m:     [16-01-2024 02:57:49] Set chroma_server_nofile to 65535
[32mINFO[0m:     [16-01-2024 02:57:49] Anonymized telemetry enabled. See                     https://docs.trychroma.com/telemetry for more information.
[36mDEBUG[0m:    [16-01-2024 02:57:49] Starting component System
[36mDEBUG[0m:    [16-01-2024 02:57:49] Starting component OpenTelemetryClient
[36mDEBUG[0m:    [16-01-2024 02:57:49] Starting component SimpleAssignmentPolicy
[36mDEBUG[0m:    [16-01-2024 02:57:49] Starting component SqliteDB
[36mDEBUG[0m:    [16-01-2024 02:57:49] Starting component Posthog
[36mDEBUG[0m:    [16-01-2024 02:57:49] Starting component LocalSegmentManager
[36mDEBUG[0m:    [16-01-2024 02:57:49] Starting component SegmentAPI
[32mINFO[0m:     [16-01-2024 02:57:49] Started server process [[36m95037[0m]
[32mINFO[0m:     [16-01-2024 02:57:49] Waiting for application startup.
[32mINFO[0m:     [16-01-2024 02:57:49] Application startup complete.
[32mINFO[0m:     [16-01-2024 02:57:49] Uvicorn running on [1mhttp://localhost:8000[0m (Press CTRL+C to quit)
[32mINFO[0m:     [16-01-2024 02:57:54] 127.0.0.1:62113 - "GET /api/v1/tenants/default_tenant HTTP/1.1" 200
[32mINFO[0m:     [16-01-2024 02:57:54] 127.0.0.1:62113 - "GET /api/v1/databases/default_database?tenant=default_tenant HTTP/1.1" 200
[32mINFO[0m:     [16-01-2024 02:57:54] 127.0.0.1:62114 - "GET /api/v1/tenants/default_tenant HTTP/1.1" 200
[32mINFO[0m:     [16-01-2024 02:57:54] 127.0.0.1:62114 - "GET /api/v1/databases/default_database?tenant=default_tenant HTTP/1.1" 200
[32mINFO[0m:     [16-01-2024 02:57:54] 127.0.0.1:62115 - "GET /api/v1/tenants/default_tenant HTTP/1.1" 200
[32mINFO[0m:     [16-01-2024 02:57:54] 127.0.0.1:62115 - "GET /api/v1/databases/default_database?tenant=default_tenant HTTP/1.1" 200
[32mINFO[0m:     [16-01-2024 02:57:59] 127.0.0.1:62122 - "GET /api/v1/collections/my_collection?tenant=default_tenant&database=default_database HTTP/1.1" 200
[32mINFO[0m:     [16-01-2024 02:57:59] 127.0.0.1:62122 - "GET /api/v1/pre-flight-checks HTTP/1.1" 200
[36mDEBUG[0m:    [16-01-2024 02:57:59] Starting component PersistentLocalHnswSegment
[33mWARNING[0m:  [16-01-2024 02:57:59] Add of existing embedding ID: id1
[33mWARNING[0m:  [16-01-2024 02:57:59] Add of existing embedding ID: id2
[33mWARNING[0m:  [16-01-2024 02:57:59] Add of existing embedding ID: id1
[33mWARNING[0m:  [16-01-2024 02:57:59] Add of existing embedding ID: id2
[33mWARNING[0m:  [16-01-2024 02:57:59] Add of existing embedding ID: id1
[33mWARNING[0m:  [16-01-2024 02:57:59] Add of existing embedding ID: id2
[33mWARNING[0m:  [16-01-2024 02:57:59] Insert of existing embedding ID: id1
[33mWARNING[0m:  [16-01-2024 02:57:59] Insert of existing embedding ID: id2
[32mINFO[0m:     [16-01-2024 02:57:59] 127.0.0.1:62122 - "POST /api/v1/collections/87c22c91-0fac-4b40-a7d7-c84f9b88e7b1/add HTTP/1.1" 201
[32mINFO[0m:     [16-01-2024 02:57:59] 127.0.0.1:62122 - "GET /api/v1 HTTP/1.1" 200
[32mINFO[0m:     [16-01-2024 03:05:25] 127.0.0.1:62590 - "GET /api/v1/tenants/default_tenant HTTP/1.1" 200
[32mINFO[0m:     [16-01-2024 03:05:25] 127.0.0.1:62590 - "GET /api/v1/databases/default_database?tenant=default_tenant HTTP/1.1" 200
[32mINFO[0m:     [16-01-2024 03:05:25] 127.0.0.1:62591 - "GET /api/v1/tenants/default_tenant HTTP/1.1" 200
[32mINFO[0m:     [16-01-2024 03:05:25] 127.0.0.1:62591 - "GET /api/v1/databases/default_database?tenant=default_tenant HTTP/1.1" 200
[32mINFO[0m:     [16-01-2024 03:05:25] 127.0.0.1:62592 - "GET /api/v1/tenants/default_tenant HTTP/1.1" 200
[32mINFO[0m:     [16-01-2024 03:05:25] 127.0.0.1:62592 - "GET /api/v1/databases/default_database?tenant=default_tenant HTTP/1.1" 200
[32mINFO[0m:     [16-01-2024 03:05:29] 127.0.0.1:62599 - "GET /api/v1/tenants/default_tenant HTTP/1.1" 200
[32mINFO[0m:     [16-01-2024 03:05:29] 127.0.0.1:62599 - "GET /api/v1/databases/default_database?tenant=default_tenant HTTP/1.1" 200
[32mINFO[0m:     [16-01-2024 03:05:29] 127.0.0.1:62600 - "GET /api/v1/tenants/default_tenant HTTP/1.1" 200
[32mINFO[0m:     [16-01-2024 03:05:29] 127.0.0.1:62600 - "GET /api/v1/databases/default_database?tenant=default_tenant HTTP/1.1" 200
[32mINFO[0m:     [16-01-2024 03:05:29] 127.0.0.1:62601 - "GET /api/v1/tenants/default_tenant HTTP/1.1" 200
[32mINFO[0m:     [16-01-2024 03:05:29] 127.0.0.1:62601 - "GET /api/v1/databases/default_database?tenant=default_tenant HTTP/1.1" 200
[32mINFO[0m:     [16-01-2024 03:05:37] 127.0.0.1:62613 - "GET /api/v1/collections/my_collection?tenant=default_tenant&database=default_database HTTP/1.1" 200
[32mINFO[0m:     [16-01-2024 03:05:37] 127.0.0.1:62613 - "GET /api/v1/pre-flight-checks HTTP/1.1" 200
[33mWARNING[0m:  [16-01-2024 03:05:37] Add of existing embedding ID: id1
[33mWARNING[0m:  [16-01-2024 03:05:37] Add of existing embedding ID: id2
[33mWARNING[0m:  [16-01-2024 03:05:37] Insert of existing embedding ID: id1
[33mWARNING[0m:  [16-01-2024 03:05:37] Insert of existing embedding ID: id2
[32mINFO[0m:     [16-01-2024 03:05:37] 127.0.0.1:62613 - "POST /api/v1/collections/87c22c91-0fac-4b40-a7d7-c84f9b88e7b1/add HTTP/1.1" 201
[32mINFO[0m:     [16-01-2024 03:05:37] 127.0.0.1:62613 - "GET /api/v1 HTTP/1.1" 200
[32mINFO[0m:     [16-01-2024 03:38:33] 127.0.0.1:64558 - "GET /api/v1/tenants/default_tenant HTTP/1.1" 200
[32mINFO[0m:     [16-01-2024 03:38:33] 127.0.0.1:64558 - "GET /api/v1/databases/default_database?tenant=default_tenant HTTP/1.1" 200
[32mINFO[0m:     [16-01-2024 03:38:33] 127.0.0.1:64559 - "GET /api/v1/tenants/default_tenant HTTP/1.1" 200
[32mINFO[0m:     [16-01-2024 03:38:33] 127.0.0.1:64559 - "GET /api/v1/databases/default_database?tenant=default_tenant HTTP/1.1" 200
[32mINFO[0m:     [16-01-2024 03:38:33] 127.0.0.1:64560 - "GET /api/v1/tenants/default_tenant HTTP/1.1" 200
[32mINFO[0m:     [16-01-2024 03:38:33] 127.0.0.1:64560 - "GET /api/v1/databases/default_database?tenant=default_tenant HTTP/1.1" 200
[32mINFO[0m:     [16-01-2024 03:38:35] 127.0.0.1:64567 - "GET /api/v1/collections/my_collection?tenant=default_tenant&database=default_database HTTP/1.1" 200
[32mINFO[0m:     [16-01-2024 03:38:35] 127.0.0.1:64567 - "GET /api/v1/pre-flight-checks HTTP/1.1" 200
[33mWARNING[0m:  [16-01-2024 03:38:35] Add of existing embedding ID: id1
[33mWARNING[0m:  [16-01-2024 03:38:35] Add of existing embedding ID: id2
[33mWARNING[0m:  [16-01-2024 03:38:35] Insert of existing embedding ID: id1
[33mWARNING[0m:  [16-01-2024 03:38:35] Insert of existing embedding ID: id2
[32mINFO[0m:     [16-01-2024 03:38:35] 127.0.0.1:64567 - "POST /api/v1/collections/87c22c91-0fac-4b40-a7d7-c84f9b88e7b1/add HTTP/1.1" 201
[32mINFO[0m:     [16-01-2024 03:38:35] 127.0.0.1:64567 - "POST /api/v1/collections/87c22c91-0fac-4b40-a7d7-c84f9b88e7b1/get HTTP/1.1" 200
[32mINFO[0m:     [17-01-2024 12:02:30] 127.0.0.1:50999 - "GET /api/v1/tenants/default_tenant HTTP/1.1" 200
[32mINFO[0m:     [17-01-2024 12:02:30] 127.0.0.1:50999 - "GET /api/v1/databases/default_database?tenant=default_tenant HTTP/1.1" 200
[32mINFO[0m:     [17-01-2024 12:02:30] 127.0.0.1:51000 - "GET /api/v1/tenants/default_tenant HTTP/1.1" 200
[32mINFO[0m:     [17-01-2024 12:02:30] 127.0.0.1:51000 - "GET /api/v1/databases/default_database?tenant=default_tenant HTTP/1.1" 200
[32mINFO[0m:     [17-01-2024 12:03:31] 127.0.0.1:51082 - "GET /api/v1/tenants/default_tenant HTTP/1.1" 200
[32mINFO[0m:     [17-01-2024 12:03:31] 127.0.0.1:51082 - "GET /api/v1/databases/default_database?tenant=default_tenant HTTP/1.1" 200
[32mINFO[0m:     [17-01-2024 12:03:31] 127.0.0.1:51083 - "GET /api/v1/tenants/default_tenant HTTP/1.1" 200
[32mINFO[0m:     [17-01-2024 12:03:31] 127.0.0.1:51083 - "GET /api/v1/databases/default_database?tenant=default_tenant HTTP/1.1" 200
[32mINFO[0m:     [17-01-2024 12:04:08] 127.0.0.1:51125 - "GET /api/v1/tenants/default_tenant HTTP/1.1" 200
[32mINFO[0m:     [17-01-2024 12:04:08] 127.0.0.1:51125 - "GET /api/v1/databases/default_database?tenant=default_tenant HTTP/1.1" 200
[32mINFO[0m:     [17-01-2024 12:04:08] 127.0.0.1:51126 - "GET /api/v1/tenants/default_tenant HTTP/1.1" 200
[32mINFO[0m:     [17-01-2024 12:04:08] 127.0.0.1:51126 - "GET /api/v1/databases/default_database?tenant=default_tenant HTTP/1.1" 200
[32mINFO[0m:     [17-01-2024 12:04:45] 127.0.0.1:51171 - "GET /api/v1/tenants/default_tenant HTTP/1.1" 200
[32mINFO[0m:     [17-01-2024 12:04:45] 127.0.0.1:51171 - "GET /api/v1/databases/default_database?tenant=default_tenant HTTP/1.1" 200
[32mINFO[0m:     [17-01-2024 12:04:45] 127.0.0.1:51172 - "GET /api/v1/tenants/default_tenant HTTP/1.1" 200
[32mINFO[0m:     [17-01-2024 12:04:45] 127.0.0.1:51172 - "GET /api/v1/databases/default_database?tenant=default_tenant HTTP/1.1" 200
[32mINFO[0m:     [17-01-2024 12:05:06] 127.0.0.1:51198 - "GET /api/v1/tenants/default_tenant HTTP/1.1" 200
[32mINFO[0m:     [17-01-2024 12:05:06] 127.0.0.1:51198 - "GET /api/v1/databases/default_database?tenant=default_tenant HTTP/1.1" 200
[32mINFO[0m:     [17-01-2024 12:05:06] 127.0.0.1:51199 - "GET /api/v1/tenants/default_tenant HTTP/1.1" 200
[32mINFO[0m:     [17-01-2024 12:05:06] 127.0.0.1:51199 - "GET /api/v1/databases/default_database?tenant=default_tenant HTTP/1.1" 200
[32mINFO[0m:     [17-01-2024 12:05:07] 127.0.0.1:51204 - "GET /api/v1/tenants/default_tenant HTTP/1.1" 200
[32mINFO[0m:     [17-01-2024 12:05:07] 127.0.0.1:51204 - "GET /api/v1/databases/default_database?tenant=default_tenant HTTP/1.1" 200
[32mINFO[0m:     [17-01-2024 12:06:10] 127.0.0.1:51276 - "GET /api/v1/tenants/default_tenant HTTP/1.1" 200
[32mINFO[0m:     [17-01-2024 12:06:10] 127.0.0.1:51276 - "GET /api/v1/databases/default_database?tenant=default_tenant HTTP/1.1" 200
[32mINFO[0m:     [17-01-2024 12:06:10] 127.0.0.1:51277 - "GET /api/v1/tenants/default_tenant HTTP/1.1" 200
[32mINFO[0m:     [17-01-2024 12:06:10] 127.0.0.1:51277 - "GET /api/v1/databases/default_database?tenant=default_tenant HTTP/1.1" 200
[32mINFO[0m:     [17-01-2024 12:06:11] 127.0.0.1:51281 - "GET /api/v1/tenants/default_tenant HTTP/1.1" 200
[32mINFO[0m:     [17-01-2024 12:06:11] 127.0.0.1:51281 - "GET /api/v1/databases/default_database?tenant=default_tenant HTTP/1.1" 200
[32mINFO[0m:     [17-01-2024 12:06:11] 127.0.0.1:51282 - "GET /api/v1/collections/my_collection?tenant=default_tenant&database=default_database HTTP/1.1" 200
[32mINFO[0m:     [17-01-2024 12:06:26] 127.0.0.1:51300 - "GET /api/v1/tenants/default_tenant HTTP/1.1" 200
[32mINFO[0m:     [17-01-2024 12:06:26] 127.0.0.1:51300 - "GET /api/v1/databases/default_database?tenant=default_tenant HTTP/1.1" 200
[32mINFO[0m:     [17-01-2024 12:06:26] 127.0.0.1:51301 - "GET /api/v1/tenants/default_tenant HTTP/1.1" 200
[32mINFO[0m:     [17-01-2024 12:06:26] 127.0.0.1:51301 - "GET /api/v1/databases/default_database?tenant=default_tenant HTTP/1.1" 200
[32mINFO[0m:     [17-01-2024 12:06:27] 127.0.0.1:51306 - "GET /api/v1/tenants/default_tenant HTTP/1.1" 200
[32mINFO[0m:     [17-01-2024 12:06:27] 127.0.0.1:51306 - "GET /api/v1/databases/default_database?tenant=default_tenant HTTP/1.1" 200
[32mINFO[0m:     [17-01-2024 12:06:27] 127.0.0.1:51307 - "GET /api/v1/collections/my_collection?tenant=default_tenant&database=default_database HTTP/1.1" 200
[32mINFO[0m:     [17-01-2024 12:06:27] 127.0.0.1:51307 - "POST /api/v1/collections/87c22c91-0fac-4b40-a7d7-c84f9b88e7b1/get HTTP/1.1" 200
[32mINFO[0m:     [17-01-2024 12:09:21] 127.0.0.1:51495 - "GET /api/v1/tenants/default_tenant HTTP/1.1" 200
[32mINFO[0m:     [17-01-2024 12:09:21] 127.0.0.1:51495 - "GET /api/v1/databases/default_database?tenant=default_tenant HTTP/1.1" 200
[32mINFO[0m:     [17-01-2024 12:09:21] 127.0.0.1:51496 - "GET /api/v1/tenants/default_tenant HTTP/1.1" 200
[32mINFO[0m:     [17-01-2024 12:09:21] 127.0.0.1:51496 - "GET /api/v1/databases/default_database?tenant=default_tenant HTTP/1.1" 200
[32mINFO[0m:     [17-01-2024 12:09:23] 127.0.0.1:51500 - "GET /api/v1/tenants/default_tenant HTTP/1.1" 200
[32mINFO[0m:     [17-01-2024 12:09:23] 127.0.0.1:51500 - "GET /api/v1/databases/default_database?tenant=default_tenant HTTP/1.1" 200
[32mINFO[0m:     [17-01-2024 12:09:23] 127.0.0.1:51501 - "GET /api/v1/collections/my_collection?tenant=default_tenant&database=default_database HTTP/1.1" 200
[32mINFO[0m:     [17-01-2024 12:09:23] 127.0.0.1:51501 - "POST /api/v1/collections/87c22c91-0fac-4b40-a7d7-c84f9b88e7b1/get HTTP/1.1" 200
